fldemo-admin:	Content for HSEE	Penda World	OCPS Success	Secure Upload
fldemo-teacher:	Prepare for HSEEs!	Personal Login	OCPS Success	Penda World
fldemo-010101aa:	Prepare for HSEEs!	Take The Survey	Accessing Subjects	Your New Service
cademo-admin:	Content for HSEE	Penda World	OCPS Success	Secure Upload
cademo-teacher:	Content for HSEE	Personal Login	OCPS Success	Penda World
cademo-010101aa:	Prepare for HSEEs!	Take The Survey	Accessing Subjects	Your New Service
dcdemo-admin:	Content for HSEE	Penda World	OCPS Success	Secure Upload
dcdemo-teacher:	Prepare for HSEEs!	Personal Login	OCPS Success	Penda World
dcdemo-010101aa:	Prepare for HSEEs	Take The Survey	Accessing Subjects	Your New Service
gademo-admin:	Content for HSEE	Penda World	OCPS Success	Secure Upload
gademo-teacher:	Prepare for HSEEs!	Personal Login	OCPS Success	Penda World
gademo-010101aa:	Prepare for HSEEs!	Take The Survey	Accessing Subjects	Your New Service
mademo-admin:	Content for HSEE	Penda World	OCPS Success	Secure Upload
mademo-teacher:	Content for HSEE	Personal Login	OCPS Success	Penda World
mademo-010101aa:	Prepare for HSEEs!	Take The Survey	Accessing Subjects	Your New Service
midemo-admin:	Content for HSEE	Penda World	OCPS Success	Secure Upload
midemo-teacher:	Content for HSEE	Personal Login	OCPS Success	Penda World
midemo-010101aa:	Prepare for HSEEs!	Take The Survey	Accessing Subjects	Your New Service
msdemo-admin:	Content for HSEE	Penda World	OCPS Success	Secure Upload
msdemo-teacher:	Content for HSEE	Personal Login	OCPS Success	Penda World
msdemo-010101aa:	Prepare for HSEEs!	Take The Survey	Accessing Subjects	Your New Service
modemo-admin:	Content for HSEE	Penda World	OCPS Success	Secure Upload
modemo-teacher:	Content for HSEE	Personal Login	OCPS Success	Penda World
modemo-010101aa:	Prepare for HSEEs!	Take The Survey	Accessing Subjects	Your New Service
nydemo-admin:	Content for HSEE	Penda World	OCPS Success	Secure Upload
nydemo-teacher:	Content for HSEE	Personal Login	OCPS Success	Penda World
nydemo-010101aa:	Prepare for HSEEs!	Take The Survey	Accessing Subjects	Your New Service
txdemo-admin:	Content for HSEE	Penda World	OCPS Success	Secure Upload
txdemo-teacher:	Prepare for HSEEs!	Personal Login	OCPS Success	Penda World
txdemo-010101aa:	Prepare for HSEEs!	Take The Survey	Accessing Subjects	Your New Service
vademo-admin:	Content for HSEE	Penda World	OCPS Success	Secure Upload
vademo-teacher:	Prepare for HSEEs!	Personal Login	OCPS Success	Penda World
vademo-010101aa:	Prepare for HSEEs!	Take The Survey	Accessing Subjects	Your New Service
fldemo-admin:	Content for HSEE	Penda World	OCPS Success	Secure Upload
fldemo-teacher:	Prepare for HSEEs!	Personal Login	OCPS Success	Penda World
fldemo-010101aa:	Prepare for HSEEs!	Take The Survey	Accessing Subjects	Your New Service
cademo-admin:	Content for HSEE	Penda World	OCPS Success	Secure Upload
cademo-teacher:	Content for HSEE	Personal Login	OCPS Success	Penda World
cademo-010101aa:	Prepare for HSEEs!	Take The Survey	Accessing Subjects	Your New Service
dcdemo-admin:	Content for HSEE	Penda World	OCPS Success	Secure Upload
dcdemo-teacher:	Prepare for HSEEs!	Personal Login	OCPS Success	Penda World
dcdemo-010101aa:	Prepare for HSEEs	Take The Survey	Accessing Subjects	Your New Service
gademo-admin:	Content for HSEE	Penda World	OCPS Success	Secure Upload
gademo-teacher:	Prepare for HSEEs!	Personal Login	OCPS Success	Penda World
gademo-010101aa:	Prepare for HSEEs!	Take The Survey	Accessing Subjects	Your New Service
mademo-admin:	Content for HSEE	Penda World	OCPS Success	Secure Upload
mademo-teacher:	Content for HSEE	Personal Login	OCPS Success	Penda World
mademo-010101aa:	Prepare for HSEEs!	Take The Survey	Accessing Subjects	Your New Service
midemo-admin:	Content for HSEE	Penda World	OCPS Success	Secure Upload
midemo-teacher:	Content for HSEE	Personal Login	OCPS Success	Penda World
midemo-010101aa:	Prepare for HSEEs!	Take The Survey	Accessing Subjects	Your New Service
msdemo-admin:	Content for HSEE	Penda World	OCPS Success	Secure Upload
msdemo-teacher:	Content for HSEE	Personal Login	OCPS Success	Penda World
msdemo-010101aa:	Prepare for HSEEs!	Take The Survey	Accessing Subjects	Your New Service
modemo-admin:	Content for HSEE	Penda World	OCPS Success	Secure Upload
modemo-teacher:	Content for HSEE	Personal Login	OCPS Success	Penda World
modemo-010101aa:	Prepare for HSEEs!	Take The Survey	Accessing Subjects	Your New Service
nydemo-admin:	Content for HSEE	Penda World	OCPS Success	Secure Upload
nydemo-teacher:	Content for HSEE	Personal Login	OCPS Success	Penda World
nydemo-010101aa:	Prepare for HSEEs!	Take The Survey	Accessing Subjects	Your New Service
txdemo-admin:	Content for HSEE	Penda World	OCPS Success	Secure Upload
txdemo-teacher:	Prepare for HSEEs!	Personal Login	OCPS Success	Penda World
txdemo-010101aa:	Prepare for HSEEs!	Take The Survey	Accessing Subjects	Your New Service
vademo-admin:	Content for HSEE	Penda World	OCPS Success	Secure Upload
vademo-teacher:	Prepare for HSEEs!	Personal Login	OCPS Success	Penda World
vademo-010101aa:	Prepare for HSEEs!	Take The Survey	Accessing Subjects	Your New Service
fldemo-admin:	Prepare for HSEEs!	Personal Login	OCPS Success	Penda World
fldemo-teacher:	Prepare for HSEEs!	Personal Login	OCPS Success	Penda World
fldemo-010101aa:	Prepare for HSEEs!	Take The Survey	Accessing Subjects	Your New Service
cademo-admin:	Content for HSEE	Personal Login	OCPS Success	Penda World
cademo-teacher:	Content for HSEE	Personal Login	OCPS Success	Penda World
cademo-010101aa:	Prepare for HSEEs!	Take The Survey	Accessing Subjects	Your New Service
dcdemo-admin:	Prepare for HSEEs!	Personal Login	OCPS Success	Penda World
dcdemo-teacher:	Prepare for HSEEs!	Personal Login	OCPS Success	Penda World
dcdemo-010101aa:	Prepare for HSEEs	Take The Survey	Accessing Subjects	Your New Service
gademo-admin:	Prepare for HSEEs!	Personal Login	OCPS Success	Penda World
gademo-teacher:	Prepare for HSEEs!	Personal Login	OCPS Success	Penda World
gademo-010101aa:	Prepare for HSEEs!	Take The Survey	Accessing Subjects	Your New Service
mademo-admin:	Content for HSEE	Personal Login	OCPS Success	Penda World
mademo-teacher:	Content for HSEE	Personal Login	OCPS Success	Penda World
mademo-010101aa:	Prepare for HSEEs!	Take The Survey	Accessing Subjects	Your New Service
midemo-admin:	Content for HSEE	Personal Login	OCPS Success	Penda World
midemo-teacher:	Content for HSEE	Personal Login	OCPS Success	Penda World
midemo-010101aa:	Prepare for HSEEs!	Take The Survey	Accessing Subjects	Your New Service
msdemo-admin:	Content for HSEE	Personal Login	OCPS Success	Penda World
msdemo-teacher:	Content for HSEE	Personal Login	OCPS Success	Penda World
msdemo-010101aa:	Prepare for HSEEs!	Take The Survey	Accessing Subjects	Your New Service
modemo-admin:	Content for HSEE	Personal Login	OCPS Success	Penda World
modemo-teacher:	Content for HSEE	Personal Login	OCPS Success	Penda World
modemo-010101aa:	Prepare for HSEEs!	Take The Survey	Accessing Subjects	Your New Service
nydemo-admin:	Content for HSEE	Personal Login	OCPS Success	Penda World
nydemo-teacher:	Content for HSEE	Personal Login	OCPS Success	Penda World
nydemo-010101aa:	Prepare for HSEEs!	Take The Survey	Accessing Subjects	Your New Service
txdemo-admin:	Prepare for HSEEs!	Personal Login	OCPS Success	Penda World
txdemo-teacher:	Prepare for HSEEs!	Personal Login	OCPS Success	Penda World
txdemo-010101aa:	Prepare for HSEEs!	Take The Survey	Accessing Subjects	Your New Service
vademo-admin:	Prepare for HSEEs!	Personal Login	OCPS Success	Penda World
vademo-teacher:	Prepare for HSEEs!	Personal Login	OCPS Success	Penda World
vademo-010101aa:	Prepare for HSEEs!	Take The Survey	Accessing Subjects	Your New Service
fldemo-admin:	Prepare for HSEEs!	Personal Login	OCPS Success	Penda World
fldemo-teacher:	Prepare for HSEEs!	Personal Login	OCPS Success	Penda World
fldemo-010101aa:	Prepare for HSEEs!	Take The Survey	Accessing Subjects	Your New Service
cademo-admin:	Content for HSEE	Personal Login	OCPS Success	Penda World
cademo-teacher:	Content for HSEE	Personal Login	OCPS Success	Penda World
cademo-010101aa:	Prepare for HSEEs!	Take The Survey	Accessing Subjects	Your New Service
dcdemo-admin:	Prepare for HSEEs!	Personal Login	OCPS Success	Penda World
dcdemo-teacher:	Prepare for HSEEs!	Personal Login	OCPS Success	Penda World
dcdemo-010101aa:	Prepare for HSEEs	Take The Survey	Accessing Subjects	Your New Service
gademo-admin:	Prepare for HSEEs!	Personal Login	OCPS Success	Penda World
gademo-teacher:	Prepare for HSEEs!	Personal Login	OCPS Success	Penda World
gademo-010101aa:	Prepare for HSEEs!	Take The Survey	Accessing Subjects	Your New Service
mademo-admin:	Content for HSEE	Personal Login	OCPS Success	Penda World
mademo-teacher:	Content for HSEE	Personal Login	OCPS Success	Penda World
mademo-010101aa:	Prepare for HSEEs!	Take The Survey	Accessing Subjects	Your New Service
midemo-admin:	Content for HSEE	Personal Login	OCPS Success	Penda World
midemo-teacher:	Content for HSEE	Personal Login	OCPS Success	Penda World
midemo-010101aa:	Prepare for HSEEs!	Take The Survey	Accessing Subjects	Your New Service
msdemo-admin:	Content for HSEE	Personal Login	OCPS Success	Penda World
msdemo-teacher:	Content for HSEE	Personal Login	OCPS Success	Penda World
msdemo-010101aa:	Prepare for HSEEs!	Take The Survey	Accessing Subjects	Your New Service
modemo-admin:	Content for HSEE	Personal Login	OCPS Success	Penda World
modemo-teacher:	Content for HSEE	Personal Login	OCPS Success	Penda World
modemo-010101aa:	Prepare for HSEEs!	Take The Survey	Accessing Subjects	Your New Service
nydemo-admin:	Content for HSEE	Personal Login	OCPS Success	Penda World
nydemo-teacher:	Content for HSEE	Personal Login	OCPS Success	Penda World
nydemo-010101aa:	Prepare for HSEEs!	Take The Survey	Accessing Subjects	Your New Service
txdemo-admin:	Prepare for HSEEs!	Personal Login	OCPS Success	Penda World
txdemo-teacher:	Prepare for HSEEs!	Personal Login	OCPS Success	Penda World
txdemo-010101aa:	Prepare for HSEEs!	Take The Survey	Accessing Subjects	Your New Service
vademo-admin:	Prepare for HSEEs!	Personal Login	OCPS Success	Penda World
vademo-teacher:	Prepare for HSEEs!	Personal Login	OCPS Success	Penda World
vademo-010101aa:	Prepare for HSEEs!	Take The Survey	Accessing Subjects	Your New Service
fldemo-admin:	Prepare for HSEEs!	Personal Login	OCPS Success	Penda World
fldemo-teacher:	Prepare for HSEEs!	Personal Login	OCPS Success	Penda World
fldemo-010101aa:	Prepare for HSEEs!	Take The Survey	Accessing Subjects	Your New Service
cademo-admin:	Content for HSEE	Personal Login	OCPS Success	Penda World
cademo-teacher:	Content for HSEE	Personal Login	OCPS Success	Penda World
cademo-010101aa:	Prepare for HSEEs!	Take The Survey	Accessing Subjects	Your New Service
dcdemo-admin:	Prepare for HSEEs!	Personal Login	OCPS Success	Penda World
dcdemo-teacher:	Prepare for HSEEs!	Personal Login	OCPS Success	Penda World
dcdemo-010101aa:	Prepare for HSEEs	Take The Survey	Accessing Subjects	Your New Service
gademo-admin:	Prepare for HSEEs!	Personal Login	OCPS Success	Penda World
gademo-teacher:	Prepare for HSEEs!	Personal Login	OCPS Success	Penda World
gademo-010101aa:	Prepare for HSEEs!	Take The Survey	Accessing Subjects	Your New Service
mademo-admin:	Content for HSEE	Personal Login	OCPS Success	Penda World
mademo-teacher:	Content for HSEE	Personal Login	OCPS Success	Penda World
mademo-010101aa:	Prepare for HSEEs!	Take The Survey	Accessing Subjects	Your New Service
midemo-admin:	Content for HSEE	Personal Login	OCPS Success	Penda World
midemo-teacher:	Content for HSEE	Personal Login	OCPS Success	Penda World
midemo-010101aa:	Prepare for HSEEs!	Take The Survey	Accessing Subjects	Your New Service
msdemo-admin:	Content for HSEE	Personal Login	OCPS Success	Penda World
msdemo-teacher:	Content for HSEE	Personal Login	OCPS Success	Penda World
msdemo-010101aa:	Prepare for HSEEs!	Take The Survey	Accessing Subjects	Your New Service
modemo-admin:	Content for HSEE	Personal Login	OCPS Success	Penda World
modemo-teacher:	Content for HSEE	Personal Login	OCPS Success	Penda World
modemo-010101aa:	Prepare for HSEEs!	Take The Survey	Accessing Subjects	Your New Service
nydemo-admin:	Content for HSEE	Personal Login	OCPS Success	Penda World
nydemo-teacher:	Content for HSEE	Personal Login	OCPS Success	Penda World
nydemo-010101aa:	Prepare for HSEEs!	Take The Survey	Accessing Subjects	Your New Service
txdemo-admin:	Prepare for HSEEs!	Personal Login	OCPS Success	Penda World
txdemo-teacher:	Prepare for HSEEs!	Personal Login	OCPS Success	Penda World
txdemo-010101aa:	Prepare for HSEEs!	Take The Survey	Accessing Subjects	Your New Service
vademo-admin:	Prepare for HSEEs!	Personal Login	OCPS Success	Penda World
vademo-teacher:	Prepare for HSEEs!	Personal Login	OCPS Success	Penda World
vademo-010101aa:	Prepare for HSEEs!	Take The Survey	Accessing Subjects	Your New Service
fldemo-admin:	Prepare for HSEEs!	Personal Login	OCPS Success	Penda World
fldemo-teacher:	Prepare for HSEEs!	Personal Login	OCPS Success	Penda World
fldemo-010101aa:	Prepare for HSEEs!	Take The Survey	Accessing Subjects	Your New Service
cademo-admin:	Content for HSEE	Personal Login	OCPS Success	Penda World
cademo-teacher:	Content for HSEE	Personal Login	OCPS Success	Penda World
cademo-010101aa:	Prepare for HSEEs!	Take The Survey	Accessing Subjects	Your New Service
dcdemo-admin:	Prepare for HSEEs!	Personal Login	OCPS Success	Penda World
dcdemo-teacher:	Prepare for HSEEs!	Personal Login	OCPS Success	Penda World
dcdemo-010101aa:	Prepare for HSEEs	Take The Survey	Accessing Subjects	Your New Service
gademo-admin:	Prepare for HSEEs!	Personal Login	OCPS Success	Penda World
gademo-teacher:	Prepare for HSEEs!	Personal Login	OCPS Success	Penda World
gademo-010101aa:	Prepare for HSEEs!	Take The Survey	Accessing Subjects	Your New Service
mademo-admin:	Content for HSEE	Personal Login	OCPS Success	Penda World
mademo-teacher:	Content for HSEE	Personal Login	OCPS Success	Penda World
mademo-010101aa:	Prepare for HSEEs!	Take The Survey	Accessing Subjects	Your New Service
midemo-admin:	Content for HSEE	Personal Login	OCPS Success	Penda World
midemo-teacher:	Content for HSEE	Personal Login	OCPS Success	Penda World
midemo-010101aa:	Prepare for HSEEs!	Take The Survey	Accessing Subjects	Your New Service
msdemo-admin:	Content for HSEE	Personal Login	OCPS Success	Penda World
msdemo-teacher:	Content for HSEE	Personal Login	OCPS Success	Penda World
msdemo-010101aa:	Prepare for HSEEs!	Take The Survey	Accessing Subjects	Your New Service
modemo-admin:	Content for HSEE	Personal Login	OCPS Success	Penda World
modemo-teacher:	Content for HSEE	Personal Login	OCPS Success	Penda World
modemo-010101aa:	Prepare for HSEEs!	Take The Survey	Accessing Subjects	Your New Service
nydemo-admin:	Content for HSEE	Personal Login	OCPS Success	Penda World
nydemo-teacher:	Content for HSEE	Personal Login	OCPS Success	Penda World
nydemo-010101aa:	Prepare for HSEEs!	Take The Survey	Accessing Subjects	Your New Service
txdemo-admin:	Prepare for HSEEs!	Personal Login	OCPS Success	Penda World
txdemo-teacher:	Prepare for HSEEs!	Personal Login	OCPS Success	Penda World
txdemo-010101aa:	Prepare for HSEEs!	Take The Survey	Accessing Subjects	Your New Service
vademo-admin:	Prepare for HSEEs!	Personal Login	OCPS Success	Penda World
vademo-teacher:	Prepare for HSEEs!	Personal Login	OCPS Success	Penda World
vademo-010101aa:	Prepare for HSEEs!	Take The Survey	Accessing Subjects	Your New Service
fldemo-admin:	Prepare for HSEEs!	Personal Login	OCPS Success	Penda World
fldemo-teacher:	Prepare for HSEEs!	Personal Login	OCPS Success	Penda World
fldemo-010101aa:	Prepare for HSEEs!	Take The Survey	Accessing Subjects	Your New Service
fldemo-admin:	Prepare for HSEEs!	Personal Login	OCPS Success	Penda World
fldemo-teacher:	Prepare for HSEEs!	Personal Login	OCPS Success	Penda World
fldemo-010101aa:	Prepare for HSEEs!	Take The Survey	Accessing Subjects	Your New Service
